Atmosphère Crash Report (v1.5):
Mesosphere:                      Enabled
Result:                          0x4A8 (2168-0002)

Process Info:
    Process Name:                hbloader
    Program ID:                  010000000000100d
    Process ID:                  0000000000000088
    Process Flags:               000000b7
    User Exception Address:      0000005fbf790000
Exception Info:
    Type:                        Data Abort
    Address:                     00000040657570c8
    Fault Address:               0000000000000000
Crashed Thread Info:
    Thread ID:                   000000000000036a
    Stack Region:                00000010d3a48000-00000010d3b48000
    Registers:
        X[00]:                   0000005109285e50
        X[01]:                   0000000000002f41
        X[02]:                   00000040657570c0
        X[03]:                   00000000005dc000
        X[04]:                   000000510929d000
        X[05]:                   00000010d3b478f0
        X[06]:                   00000051092865d0
        X[07]:                   0000000031000004
        X[08]:                   0000000000000000
        X[09]:                   0000000000000000
        X[10]:                   0000000000000000
        X[11]:                   0000000000000000
        X[12]:                   0000000000000000
        X[13]:                   0000000000000000
        X[14]:                   0000000000000000
        X[15]:                   0000000000000000
        X[16]:                   0000000000000000
        X[17]:                   0000000000000000
        X[18]:                   00000010d3b47bc7
        X[19]:                   0000000000801041
        X[20]:                   0000005109285e50
        X[21]:                   00000051092865d0
        X[22]:                   0000000000802000
        X[23]:                   0000004064f56090
        X[24]:                   0000000000001f80
        X[25]:                   0000004064f58000
        X[26]:                   00000051092865d0
        X[27]:                   00000051092865d0
        X[28]:                   00000010d3b47cb0
        FP:                      00000010d3b478f0
        LR:                      00000051091f6fa8 (nx-hbmenu + 0xcafa8)
        SP:                      00000010d3b478f0
        PC:                      00000051091f7118 (nx-hbmenu + 0xcb118)
    Stack Trace:
        ReturnAddress[00]:       00000051091f6b1c (nx-hbmenu + 0xcab1c)
        ReturnAddress[01]:       00000051091c89b4 (nx-hbmenu + 0x9c9b4)
        ReturnAddress[02]:       00000051091bbb5c (nx-hbmenu + 0x8fb5c)
        ReturnAddress[03]:       000000510913ab24 (nx-hbmenu + 0xeb24)
        ReturnAddress[04]:       000000510913af3c (nx-hbmenu + 0xef3c)
        ReturnAddress[05]:       000000510913776c (nx-hbmenu + 0xb76c)
        ReturnAddress[06]:       000000510912c370 (nx-hbmenu + 0x370)
        ReturnAddress[07]:       000000510912c180 (nx-hbmenu + 0x180)
        ReturnAddress[08]:       0000000000000000
    Stack Dump:                               00 01 02 03 04 05 06 07 08 09 0a 0b 0c 0d 0e 0f
                                 0010d3b478f0 60 79 b4 d3 10 00 00 00 1c 6b 1f 09 51 00 00 00
                                 0010d3b47900 00 10 00 00 00 00 00 00 00 00 80 00 00 00 00 00
                                 0010d3b47910 10 00 80 00 00 00 00 00 c4 54 28 09 51 00 00 00
                                 0010d3b47920 50 5e 28 09 51 00 00 00 00 50 29 09 51 00 00 00
                                 0010d3b47930 30 7c b4 d3 10 00 00 00 00 00 00 00 00 00 00 00
                                 0010d3b47940 40 7b b4 d3 10 00 00 00 b0 7c b4 d3 10 00 00 00
                                 0010d3b47950 08 d9 29 09 51 00 00 00 00 80 f5 64 40 00 00 00
                                 0010d3b47960 a0 79 b4 d3 10 00 00 00 b4 89 1c 09 51 00 00 00
                                 0010d3b47970 e0 68 29 09 51 00 00 00 00 00 80 00 00 00 00 00
                                 0010d3b47980 00 00 00 00 00 00 00 00 c4 54 28 09 51 00 00 00
                                 0010d3b47990 00 60 29 09 51 00 00 00 00 00 80 00 00 00 00 00
                                 0010d3b479a0 d0 79 b4 d3 10 00 00 00 5c bb 1b 09 51 00 00 00
                                 0010d3b479b0 00 00 00 00 00 00 00 00 00 60 29 09 51 00 00 00
                                 0010d3b479c0 00 60 29 09 51 00 00 00 00 60 29 09 38 00 74 00
                                 0010d3b479d0 10 7a b4 d3 10 00 00 00 24 ab 13 09 51 00 00 00
                                 0010d3b479e0 d0 71 d0 64 40 00 00 00 c0 aa 13 09 51 00 00 00
    TLS Address:                 0000005fbf790200
    TLS Dump:                                 00 01 02 03 04 05 06 07 08 09 0a 0b 0c 0d 0e 0f
                                 005fbf790200 00 00 00 00 09 00 00 00 00 00 00 00 00 00 00 00
                                 005fbf790210 53 46 43 4f 00 00 00 00 00 00 00 00 00 00 00 00
                                 005fbf790220 00 80 00 00 00 00 00 00 00 00 00 00 00 00 00 00
                                 005fbf790230 53 46 43 49 00 00 00 00 05 00 00 00 00 00 00 00
                                 005fbf790240 65 6e 2d 55 53 00 00 00 00 50 84 00 00 00 00 00
                                 005fbf790250 5b 3f 00 00 00 00 00 00 00 40 23 00 00 00 00 00
                                 005fbf790260 00 00 00 00 00 00 00 00 00 00 00 00 00 00 00 00
                                 005fbf790270 26 00 00 00 00 00 00 00 88 00 00 00 00 00 00 00
                                 005fbf790280 00 00 00 00 00 00 00 00 00 00 00 00 00 00 00 00
                                 005fbf790290 00 00 00 00 00 00 00 00 00 00 00 00 00 00 00 00
                                 005fbf7902a0 00 00 00 00 00 00 00 00 00 00 00 00 00 00 00 00
                                 005fbf7902b0 00 00 00 00 00 00 00 00 00 00 00 00 00 00 00 00
                                 005fbf7902c0 00 00 00 00 00 00 00 00 00 00 00 00 00 00 00 00
                                 005fbf7902d0 00 00 00 00 00 00 00 00 00 00 00 00 00 00 00 00
                                 005fbf7902e0 00 00 00 00 00 00 00 00 00 00 00 00 00 00 00 00
                                 005fbf7902f0 00 00 00 00 00 00 00 00 00 00 00 00 00 00 00 00
Module Info:
    Number of Modules:           1
    Module 00:
        Address:                 000000510912c000-0000005109216000
        Name:                    nx-hbmenu
        Build Id:                439D9D2524869D21129AEF2993E4E6B3C9B12772000000000000000000000000
Thread Report:
Number of Threads:               03
Threads[00]:
    Thread ID:                   000000000000036a
    Stack Region:                00000010d3a48000-00000010d3b48000
    Registers:
        X[00]:                   0000005109285e50
        X[01]:                   0000000000002f41
        X[02]:                   00000040657570c0
        X[03]:                   00000000005dc000
        X[04]:                   000000510929d000
        X[05]:                   00000010d3b478f0
        X[06]:                   00000051092865d0
        X[07]:                   0000000031000004
        X[08]:                   0000000000000000
        X[09]:                   0000000000000000
        X[10]:                   0000000000000000
        X[11]:                   0000000000000000
        X[12]:                   0000000000000000
        X[13]:                   0000000000000000
        X[14]:                   0000000000000000
        X[15]:                   0000000000000000
        X[16]:                   0000000000000000
        X[17]:                   0000000000000000
        X[18]:                   00000010d3b47bc7
        X[19]:                   0000000000801041
        X[20]:                   0000005109285e50
        X[21]:                   00000051092865d0
        X[22]:                   0000000000802000
        X[23]:                   0000004064f56090
        X[24]:                   0000000000001f80
        X[25]:                   0000004064f58000
        X[26]:                   00000051092865d0
        X[27]:                   00000051092865d0
        X[28]:                   00000010d3b47cb0
        FP:                      00000010d3b478f0
        LR:                      00000051091f6fa8 (nx-hbmenu + 0xcafa8)
        SP:                      00000010d3b478f0
        PC:                      00000051091f7118 (nx-hbmenu + 0xcb118)
    Stack Trace:
        ReturnAddress[00]:       00000051091f6b1c (nx-hbmenu + 0xcab1c)
        ReturnAddress[01]:       00000051091c89b4 (nx-hbmenu + 0x9c9b4)
        ReturnAddress[02]:       00000051091bbb5c (nx-hbmenu + 0x8fb5c)
        ReturnAddress[03]:       000000510913ab24 (nx-hbmenu + 0xeb24)
        ReturnAddress[04]:       000000510913af3c (nx-hbmenu + 0xef3c)
        ReturnAddress[05]:       000000510913776c (nx-hbmenu + 0xb76c)
        ReturnAddress[06]:       000000510912c370 (nx-hbmenu + 0x370)
        ReturnAddress[07]:       000000510912c180 (nx-hbmenu + 0x180)
        ReturnAddress[08]:       0000000000000000
    Stack Dump:                               00 01 02 03 04 05 06 07 08 09 0a 0b 0c 0d 0e 0f
                                 0010d3b478f0 60 79 b4 d3 10 00 00 00 1c 6b 1f 09 51 00 00 00
                                 0010d3b47900 00 10 00 00 00 00 00 00 00 00 80 00 00 00 00 00
                                 0010d3b47910 10 00 80 00 00 00 00 00 c4 54 28 09 51 00 00 00
                                 0010d3b47920 50 5e 28 09 51 00 00 00 00 50 29 09 51 00 00 00
                                 0010d3b47930 30 7c b4 d3 10 00 00 00 00 00 00 00 00 00 00 00
                                 0010d3b47940 40 7b b4 d3 10 00 00 00 b0 7c b4 d3 10 00 00 00
                                 0010d3b47950 08 d9 29 09 51 00 00 00 00 80 f5 64 40 00 00 00
                                 0010d3b47960 a0 79 b4 d3 10 00 00 00 b4 89 1c 09 51 00 00 00
                                 0010d3b47970 e0 68 29 09 51 00 00 00 00 00 80 00 00 00 00 00
                                 0010d3b47980 00 00 00 00 00 00 00 00 c4 54 28 09 51 00 00 00
                                 0010d3b47990 00 60 29 09 51 00 00 00 00 00 80 00 00 00 00 00
                                 0010d3b479a0 d0 79 b4 d3 10 00 00 00 5c bb 1b 09 51 00 00 00
                                 0010d3b479b0 00 00 00 00 00 00 00 00 00 60 29 09 51 00 00 00
                                 0010d3b479c0 00 60 29 09 51 00 00 00 00 60 29 09 38 00 74 00
                                 0010d3b479d0 10 7a b4 d3 10 00 00 00 24 ab 13 09 51 00 00 00
                                 0010d3b479e0 d0 71 d0 64 40 00 00 00 c0 aa 13 09 51 00 00 00
    TLS Address:                 0000005fbf790200
    TLS Dump:                                 00 01 02 03 04 05 06 07 08 09 0a 0b 0c 0d 0e 0f
                                 005fbf790200 00 00 00 00 09 00 00 00 00 00 00 00 00 00 00 00
                                 005fbf790210 53 46 43 4f 00 00 00 00 00 00 00 00 00 00 00 00
                                 005fbf790220 00 80 00 00 00 00 00 00 00 00 00 00 00 00 00 00
                                 005fbf790230 53 46 43 49 00 00 00 00 05 00 00 00 00 00 00 00
                                 005fbf790240 65 6e 2d 55 53 00 00 00 00 50 84 00 00 00 00 00
                                 005fbf790250 5b 3f 00 00 00 00 00 00 00 40 23 00 00 00 00 00
                                 005fbf790260 00 00 00 00 00 00 00 00 00 00 00 00 00 00 00 00
                                 005fbf790270 26 00 00 00 00 00 00 00 88 00 00 00 00 00 00 00
                                 005fbf790280 00 00 00 00 00 00 00 00 00 00 00 00 00 00 00 00
                                 005fbf790290 00 00 00 00 00 00 00 00 00 00 00 00 00 00 00 00
                                 005fbf7902a0 00 00 00 00 00 00 00 00 00 00 00 00 00 00 00 00
                                 005fbf7902b0 00 00 00 00 00 00 00 00 00 00 00 00 00 00 00 00
                                 005fbf7902c0 00 00 00 00 00 00 00 00 00 00 00 00 00 00 00 00
                                 005fbf7902d0 00 00 00 00 00 00 00 00 00 00 00 00 00 00 00 00
                                 005fbf7902e0 00 00 00 00 00 00 00 00 00 00 00 00 00 00 00 00
                                 005fbf7902f0 00 00 00 00 00 00 00 00 00 00 00 00 00 00 00 00
Threads[01]:
    Thread ID:                   0000000000000370
    Stack Region:                00000010cc767000-00000010cc788000
    Registers:
        X[00]:                   0000000000000000
        X[01]:                   0000000000000000
        X[02]:                   0000000000000000
        X[03]:                   0000000000000000
        X[04]:                   0000000000000000
        X[05]:                   0000000000000000
        X[06]:                   0000000000000000
        X[07]:                   0000000000000000
        X[08]:                   0000000000000000
        X[09]:                   0000000000000000
        X[10]:                   0000000000000000
        X[11]:                   0000000000000000
        X[12]:                   0000000000000000
        X[13]:                   0000000000000000
        X[14]:                   0000000000000000
        X[15]:                   0000000000000000
        X[16]:                   0000000000000000
        X[17]:                   0000000000000000
        X[18]:                   0000000000000000
        X[19]:                   0000000000000000
        X[20]:                   0000000000000000
        X[21]:                   0000000000000000
        X[22]:                   0000000000000000
        X[23]:                   0000000000000000
        X[24]:                   0000000000000000
        X[25]:                   0000000000000000
        X[26]:                   0000000000000000
        X[27]:                   0000000000000000
        X[28]:                   0000000000000000
        FP:                      00000010cc786f10
        LR:                      00000051091c8fc8 (nx-hbmenu + 0x9cfc8)
        SP:                      00000010cc786f10
        PC:                      00000051091c8274 (nx-hbmenu + 0x9c274)
    Stack Trace:
        ReturnAddress[00]:       00000051091d101c (nx-hbmenu + 0xa501c)
        ReturnAddress[01]:       000000510920460c (nx-hbmenu + 0xd860c)
        ReturnAddress[02]:       000000510913740c (nx-hbmenu + 0xb40c)
        ReturnAddress[03]:       00000051091d1158 (nx-hbmenu + 0xa5158)
        ReturnAddress[04]:       00000051091d218c (nx-hbmenu + 0xa618c)
        ReturnAddress[05]:       0000000000000000
    Stack Dump:                               00 01 02 03 04 05 06 07 08 09 0a 0b 0c 0d 0e 0f
                                 0010cc786f10 30 6f 78 cc 10 00 00 00 1c 10 1d 09 51 00 00 00
                                 0010cc786f20 98 5e 29 09 51 00 00 00 a8 5e 29 09 51 00 00 00
                                 0010cc786f30 40 6f 78 cc 10 00 00 00 0c 46 20 09 51 00 00 00
                                 0010cc786f40 50 6f 78 cc 10 00 00 00 0c 74 13 09 51 00 00 00
                                 0010cc786f50 70 6f 78 cc 10 00 00 00 58 11 1d 09 51 00 00 00
                                 0010cc786f60 00 7d b4 d3 10 00 00 00 14 7d b4 d3 10 00 00 00
                                 0010cc786f70 a0 6f 78 cc 10 00 00 00 8c 21 1d 09 51 00 00 00
                                 0010cc786f80 d0 6f 78 cc 10 00 00 00 08 05 79 bf 5f 00 00 00
                                 0010cc786f90 00 d0 29 09 51 00 00 00 00 00 00 00 00 00 00 00
                                 0010cc786fa0 00 00 00 00 00 00 00 00 00 00 00 00 00 00 00 00
                                 0010cc786fb0 00 00 00 00 00 00 00 00 00 00 00 00 00 00 00 00
                                 0010cc786fc0 00 00 00 00 00 00 00 00 f5 13 40 f9 fd 7b c3 a8
                                 0010cc786fd0 60 c3 97 64 40 00 00 00 10 11 1d 09 51 00 00 00
                                 0010cc786fe0 00 7d b4 d3 10 00 00 00 00 70 78 cc 10 00 00 00
                                 0010cc786ff0 70 77 78 cc 10 00 00 00 62 f0 ff f0 42 40 34 91
                                 0010cc787000 00 00 00 00 00 00 00 00 88 63 28 09 51 00 00 00
    TLS Address:                 0000005fbf790400
    TLS Dump:                                 00 01 02 03 04 05 06 07 08 09 0a 0b 0c 0d 0e 0f
                                 005fbf790400 00 00 00 00 00 00 00 00 00 00 00 00 00 00 00 00
                                 005fbf790410 00 00 00 00 00 00 00 00 00 00 00 00 00 00 00 00
                                 005fbf790420 00 00 00 00 00 00 00 00 00 00 00 00 00 00 00 00
                                 005fbf790430 00 00 00 00 00 00 00 00 00 00 00 00 00 00 00 00
                                 005fbf790440 00 00 00 00 00 00 00 00 00 00 00 00 00 00 00 00
                                 005fbf790450 00 00 00 00 00 00 00 00 00 00 00 00 00 00 00 00
                                 005fbf790460 00 00 00 00 00 00 00 00 00 00 00 00 00 00 00 00
                                 005fbf790470 00 00 00 00 00 00 00 00 00 00 00 00 00 00 00 00
                                 005fbf790480 00 00 00 00 00 00 00 00 00 00 00 00 00 00 00 00
                                 005fbf790490 00 00 00 00 00 00 00 00 00 00 00 00 00 00 00 00
                                 005fbf7904a0 00 00 00 00 00 00 00 00 00 00 00 00 00 00 00 00
                                 005fbf7904b0 00 00 00 00 00 00 00 00 00 00 00 00 00 00 00 00
                                 005fbf7904c0 00 00 00 00 00 00 00 00 00 00 00 00 00 00 00 00
                                 005fbf7904d0 00 00 00 00 00 00 00 00 00 00 00 00 00 00 00 00
                                 005fbf7904e0 00 00 00 00 00 00 00 00 00 00 00 00 00 00 00 00
                                 005fbf7904f0 00 00 00 00 00 00 00 00 00 00 00 00 00 00 00 00
Threads[02]:
    Thread ID:                   0000000000000371
    Stack Region:                000000110850a000-000000110852b000
    Registers:
        X[00]:                   0000000000000000
        X[01]:                   0000000000000000
        X[02]:                   0000000000000000
        X[03]:                   0000000000000000
        X[04]:                   0000000000000000
        X[05]:                   0000000000000000
        X[06]:                   0000000000000000
        X[07]:                   0000000000000000
        X[08]:                   0000000000000000
        X[09]:                   0000000000000000
        X[10]:                   0000000000000000
        X[11]:                   0000000000000000
        X[12]:                   0000000000000000
        X[13]:                   0000000000000000
        X[14]:                   0000000000000000
        X[15]:                   0000000000000000
        X[16]:                   0000000000000000
        X[17]:                   0000000000000000
        X[18]:                   0000000000000000
        X[19]:                   0000000000000000
        X[20]:                   0000000000000000
        X[21]:                   0000000000000000
        X[22]:                   0000000000000000
        X[23]:                   0000000000000000
        X[24]:                   0000000000000000
        X[25]:                   0000000000000000
        X[26]:                   0000000000000000
        X[27]:                   0000000000000000
        X[28]:                   0000000000000000
        FP:                      0000001108529eb0
        LR:                      00000051091c8fc8 (nx-hbmenu + 0x9cfc8)
        SP:                      0000001108529eb0
        PC:                      00000051091c8274 (nx-hbmenu + 0x9c274)
    Stack Trace:
        ReturnAddress[00]:       00000051091d101c (nx-hbmenu + 0xa501c)
        ReturnAddress[01]:       00000051092045ac (nx-hbmenu + 0xd85ac)
        ReturnAddress[02]:       0000005109134d00 (nx-hbmenu + 0x8d00)
        ReturnAddress[03]:       00000051091d1158 (nx-hbmenu + 0xa5158)
        ReturnAddress[04]:       00000051091d218c (nx-hbmenu + 0xa618c)
        ReturnAddress[05]:       0000000000000000
    Stack Dump:                               00 01 02 03 04 05 06 07 08 09 0a 0b 0c 0d 0e 0f
                                 001108529eb0 d0 9e 52 08 11 00 00 00 1c 10 1d 09 51 00 00 00
                                 001108529ec0 70 53 29 09 51 00 00 00 60 9f 52 08 11 00 00 00
                                 001108529ed0 e0 9e 52 08 11 00 00 00 ac 45 20 09 51 00 00 00
                                 001108529ee0 f0 9e 52 08 11 00 00 00 00 4d 13 09 51 00 00 00
                                 001108529ef0 70 9f 52 08 11 00 00 00 58 11 1d 09 51 00 00 00
                                 001108529f00 00 7d b4 d3 10 00 00 00 14 7d b4 d3 10 00 00 00
                                 001108529f10 40 4c 13 09 51 00 00 00 00 00 00 00 00 00 00 00
                                 001108529f20 00 00 00 00 00 00 00 00 00 00 00 00 00 00 00 00
                                 001108529f30 00 00 00 00 00 00 00 00 00 00 00 00 00 00 00 00
                                 001108529f40 00 00 00 00 00 00 00 00 e0 86 40 f8 1b 0c 06 94
                                 001108529f50 70 9f 52 08 11 00 00 00 34 11 1d 09 51 00 00 00
                                 001108529f60 72 64 03 60 00 00 00 00 f4 bf 0f 07 00 00 00 00
                                 001108529f70 a0 9f 52 08 11 00 00 00 8c 21 1d 09 51 00 00 00
                                 001108529f80 d0 9f 52 08 11 00 00 00 08 07 79 bf 5f 00 00 00
                                 001108529f90 00 d0 29 09 51 00 00 00 00 00 00 00 00 00 00 00
                                 001108529fa0 00 00 00 00 00 00 00 00 00 00 00 00 00 00 00 00
    TLS Address:                 0000005fbf790600
    TLS Dump:                                 00 01 02 03 04 05 06 07 08 09 0a 0b 0c 0d 0e 0f
                                 005fbf790600 00 00 00 00 09 00 00 00 00 00 00 00 00 00 00 00
                                 005fbf790610 53 46 43 4f 00 00 00 00 00 00 00 00 00 00 00 00
                                 005fbf790620 00 00 00 00 00 00 00 00 00 00 00 00 00 00 00 00
                                 005fbf790630 00 00 00 00 00 00 00 00 00 00 00 00 00 00 00 00
                                 005fbf790640 00 00 00 00 00 00 00 00 00 00 00 00 00 00 00 00
                                 005fbf790650 00 00 00 00 00 00 00 00 00 00 00 00 00 00 00 00
                                 005fbf790660 00 00 00 00 00 00 00 00 00 00 00 00 00 00 00 00
                                 005fbf790670 00 00 00 00 00 00 00 00 00 00 00 00 00 00 00 00
                                 005fbf790680 00 00 00 00 00 00 00 00 00 00 00 00 00 00 00 00
                                 005fbf790690 00 00 00 00 00 00 00 00 00 00 00 00 00 00 00 00
                                 005fbf7906a0 00 00 00 00 00 00 00 00 00 00 00 00 00 00 00 00
                                 005fbf7906b0 00 00 00 00 00 00 00 00 00 00 00 00 00 00 00 00
                                 005fbf7906c0 00 00 00 00 00 00 00 00 00 00 00 00 00 00 00 00
                                 005fbf7906d0 00 00 00 00 00 00 00 00 00 00 00 00 00 00 00 00
                                 005fbf7906e0 00 00 00 00 00 00 00 00 00 00 00 00 00 00 00 00
                                 005fbf7906f0 00 00 00 00 00 00 00 00 00 00 00 00 00 00 00 00
