Atmosphère Crash Report (v1.5):
Mesosphere:                      Enabled
Result:                          0x0 (2000-0000)

Process Info:
    Process Name:                bsdsocket
    Program ID:                  0100000000000012
    Process ID:                  0000000000000067
    Process Flags:               00001137
    User Exception Address:      00000047dc085000
Exception Info:
    Type:                        User Break
    Address:                     0000006adce7f1c4 (bsdsocket + 0x7f1c4)
    Break Reason:                0x0
    Break Address:               00000017b729bda8
    Break Size:                  0x4
Crashed Thread Info:
    Thread ID:                   00000000000000cb
    Stack Region:                00000017b729a000-00000017b729c000
    Registers:
        X[00]:                   0000000000000000
        X[01]:                   0000000000000000
        X[02]:                   0000000000000000
        X[03]:                   0000000000000000
        X[04]:                   0000000000000000
        X[05]:                   0000000000000000
        X[06]:                   0000000000000000
        X[07]:                   0000000000000000
        X[08]:                   0000000000000000
        X[09]:                   0000000000000000
        X[10]:                   0000000000000000
        X[11]:                   0000000000000000
        X[12]:                   0000000000000000
        X[13]:                   0000000000000000
        X[14]:                   0000000000000000
        X[15]:                   0000000000000000
        X[16]:                   0000000000000000
        X[17]:                   0000000000000000
        X[18]:                   0000000000000000
        X[19]:                   0000000000000000
        X[20]:                   0000000000000000
        X[21]:                   0000000000000000
        X[22]:                   0000000000000000
        X[23]:                   0000000000000000
        X[24]:                   0000000000000000
        X[25]:                   0000000000000000
        X[26]:                   0000000000000000
        X[27]:                   0000000000000000
        X[28]:                   0000000000000000
        FP:                      00000017b729bc90
        LR:                      0000006adce7da58 (bsdsocket + 0x7da58)
        SP:                      00000017b729bc90
        PC:                      0000006adce7f1c0 (bsdsocket + 0x7f1c0)
    Stack Trace:
        ReturnAddress[00]:       0000006adce7d928 (bsdsocket + 0x7d928)
        ReturnAddress[01]:       0000006adce7da18 (bsdsocket + 0x7da18)
        ReturnAddress[02]:       0000006adce67084 (bsdsocket + 0x67084)
        ReturnAddress[03]:       0000006adce67e50 (bsdsocket + 0x67e50)
        ReturnAddress[04]:       0000006adce67df8 (bsdsocket + 0x67df8)
        ReturnAddress[05]:       0000006adce6a12c (bsdsocket + 0x6a12c)
        ReturnAddress[06]:       0000006adce80fc8 (bsdsocket + 0x80fc8)
        ReturnAddress[07]:       0000006adce80838 (bsdsocket + 0x80838)
        ReturnAddress[08]:       0000006adce7f908 (bsdsocket + 0x7f908)
        ReturnAddress[09]:       0000006adce7fb98 (bsdsocket + 0x7fb98)
        ReturnAddress[10]:       0000006adce7fc1c (bsdsocket + 0x7fc1c)
        ReturnAddress[11]:       0000006adce738c8 (bsdsocket + 0x738c8)
        ReturnAddress[12]:       0000006adce75ee4 (bsdsocket + 0x75ee4)
        ReturnAddress[13]:       0000000000000000
    Stack Dump:                               00 01 02 03 04 05 06 07 08 09 0a 0b 0c 0d 0e 0f
                                 0017b729bc90 70 bd 29 b7 17 00 00 00 28 d9 e7 dc 6a 00 00 00
                                 0017b729bca0 03 00 00 00 00 00 00 00 10 bd 29 b7 17 00 00 00
                                 0017b729bcb0 d0 8a f4 dc 6a 00 00 00 d0 8a f4 dc 6a 00 00 00
                                 0017b729bcc0 d0 8a f4 dc 6a 00 00 00 00 00 00 00 22 00 00 00
                                 0017b729bcd0 00 00 00 00 48 00 00 00 00 00 00 00 00 00 00 00
                                 0017b729bce0 03 00 00 00 00 00 00 00 10 bd 29 b7 17 00 00 00
                                 0017b729bcf0 d0 8a f4 dc 6a 00 00 00 d0 8a f4 dc 6a 00 00 00
                                 0017b729bd00 d0 8a f4 dc 6a 00 00 00 00 00 00 00 22 00 00 00
                                 0017b729bd10 d0 8a f4 dc 6a 00 00 00 88 bd 29 b7 17 00 00 00
                                 0017b729bd20 00 00 00 00 00 00 00 00 00 15 92 dd 6a 00 00 00
                                 0017b729bd30 00 00 00 00 00 00 00 00 00 00 00 00 00 00 00 00
                                 0017b729bd40 00 00 00 00 00 00 00 00 00 00 00 00 00 00 00 00
                                 0017b729bd50 88 00 00 00 00 00 00 00 00 00 00 00 00 00 00 00
                                 0017b729bd60 00 00 00 00 00 00 00 00 58 be 29 b7 17 00 00 00
                                 0017b729bd70 b0 bd 29 b7 17 00 00 00 18 da e7 dc 6a 00 00 00
                                 0017b729bd80 48 e9 18 dd 6a 00 00 00 90 b5 f9 dc 6a 00 00 00
    TLS Address:                 00000048debae800
    TLS Dump:                                 00 01 02 03 04 05 06 07 08 09 0a 0b 0c 0d 0e 0f
                                 0048debae800 02 00 00 00 00 00 00 00 01 00 00 00 67 00 00 00
                                 0048debae810 53 46 43 4f 00 00 00 00 a3 06 00 00 00 00 00 00
                                 0048debae820 53 46 43 49 01 00 00 00 02 00 00 00 00 00 00 00
                                 0048debae830 00 00 00 00 00 00 00 00 00 00 00 00 00 00 00 00
                                 0048debae840 01 00 00 00 00 00 00 00 00 00 00 00 00 00 00 00
                                 0048debae850 08 00 8a 00 00 00 00 00 00 40 23 00 00 00 00 00
                                 0048debae860 00 00 00 00 00 00 00 00 00 00 00 00 00 00 00 00
                                 0048debae870 00 00 00 00 00 00 00 00 00 00 00 00 00 00 00 00
                                 0048debae880 00 00 00 00 00 00 00 00 00 00 00 00 00 00 00 00
                                 0048debae890 00 00 00 00 00 00 00 00 00 00 00 00 00 00 00 00
                                 0048debae8a0 00 00 00 00 00 00 00 00 00 00 00 00 00 00 00 00
                                 0048debae8b0 00 00 00 00 00 00 00 00 00 00 00 00 00 00 00 00
                                 0048debae8c0 00 00 00 00 00 00 00 00 00 00 00 00 00 00 00 00
                                 0048debae8d0 00 00 00 00 00 00 00 00 00 00 00 00 00 00 00 00
                                 0048debae8e0 00 00 00 00 00 00 00 00 00 00 00 00 00 00 00 00
                                 0048debae8f0 00 00 00 00 00 00 00 00 00 00 00 00 00 00 00 00
Module Info:
    Number of Modules:           1
    Module 00:
        Address:                 0000006adce00000-0000006adcf1c000
        Name:                    bsdsocket
        Build Id:                2103321E1310373057DDFDA15C92E4D4F83A423F000000000000000000000000
Thread Report:
Number of Threads:               54
Threads[00]:
    Thread ID:                   00000000000000b2
    Stack Region:                00000017f7a30000-00000017f7a32000
    Registers:
        X[00]:                   0000000000000000
        X[01]:                   0000000000000000
        X[02]:                   0000000000000000
        X[03]:                   0000000000000000
        X[04]:                   0000000000000000
        X[05]:                   0000000000000000
        X[06]:                   0000000000000000
        X[07]:                   0000000000000000
        X[08]:                   0000000000000000
        X[09]:                   0000000000000000
        X[10]:                   0000000000000000
        X[11]:                   0000000000000000
        X[12]:                   0000000000000000
        X[13]:                   0000000000000000
        X[14]:                   0000000000000000
        X[15]:                   0000000000000000
        X[16]:                   0000000000000000
        X[17]:                   0000000000000000
        X[18]:                   0000000000000000
        X[19]:                   0000000000000000
        X[20]:                   0000000000000000
        X[21]:                   0000000000000000
        X[22]:                   0000000000000000
        X[23]:                   0000000000000000
        X[24]:                   0000000000000000
        X[25]:                   0000000000000000
        X[26]:                   0000000000000000
        X[27]:                   0000000000000000
        X[28]:                   0000000000000000
        FP:                      00000017f7a31f20
        LR:                      0000006adce76090 (bsdsocket + 0x76090)
        SP:                      00000017f7a31ee0
        PC:                      0000006adce7f12c (bsdsocket + 0x7f12c)
    Stack Trace:
        ReturnAddress[00]:       0000006adce73a30 (bsdsocket + 0x73a30)
        ReturnAddress[01]:       0000006adce6ad50 (bsdsocket + 0x6ad50)
        ReturnAddress[02]:       0000006adce724a4 (bsdsocket + 0x724a4)
        ReturnAddress[03]:       0000006adce000d4 (bsdsocket + 0xd4)
    Stack Dump:                               00 01 02 03 04 05 06 07 08 09 0a 0b 0c 0d 0e 0f
                                 0017f7a31ee0 0c 1f a3 f7 17 00 00 00 00 a5 00 00 02 00 00 00
                                 0017f7a31ef0 00 1f 00 f7 17 00 00 00 78 02 f0 dc 6a 00 00 00
                                 0017f7a31f00 e8 10 92 dd 6a 00 00 00 1b 00 0e 00 6a 00 00 00
                                 0017f7a31f10 b3 94 d6 26 00 00 00 00 48 de 18 dd 6a 00 00 00
                                 0017f7a31f20 50 1f a3 f7 17 00 00 00 30 3a e7 dc 6a 00 00 00
                                 0017f7a31f30 e8 0b 2e 11 00 00 00 00 8c 00 f0 dc 00 00 00 00
                                 0017f7a31f40 b3 94 d6 26 00 00 00 00 48 de 18 dd 6a 00 00 00
                                 0017f7a31f50 b0 1f a3 f7 17 00 00 00 50 ad e6 dc 6a 00 00 00
                                 0017f7a31f60 00 00 00 00 00 00 00 00 40 09 e0 dc 6a 00 00 00
                                 0017f7a31f70 00 00 00 00 00 00 00 00 00 00 00 00 00 00 00 00
                                 0017f7a31f80 00 00 00 00 00 00 00 00 00 80 00 00 00 00 00 00
                                 0017f7a31f90 00 90 a3 dd 6a 00 00 00 20 05 e0 dc 6a 00 00 00
                                 0017f7a31fa0 f0 08 e0 dc 6a 00 00 00 40 09 e0 dc 6a 00 00 00
                                 0017f7a31fb0 f0 1f a3 f7 17 00 00 00 a4 24 e7 dc 6a 00 00 00
                                 0017f7a31fc0 00 00 00 00 00 00 00 00 00 00 00 00 00 00 00 00
                                 0017f7a31fd0 00 00 00 00 00 00 00 00 80 60 fb dc 6a 00 00 00
